<?xml version="1.0" encoding="UTF-8"?>

<mule xmlns:wd-revenue="http://www.mulesoft.org/schema/mule/wd-revenue" xmlns="http://www.mulesoft.org/schema/mule/core" xmlns:doc="http://www.mulesoft.org/schema/mule/documentation"
	xmlns:spring="http://www.springframework.org/schema/beans" version="EE-3.6.0"
	xmlns:xsi="http://www.w3.org/2001/XMLSchema-instance"
	xsi:schemaLocation="http://www.springframework.org/schema/beans http://www.springframework.org/schema/beans/spring-beans-current.xsd
http://www.mulesoft.org/schema/mule/core http://www.mulesoft.org/schema/mule/core/current/mule.xsd
http://www.mulesoft.org/schema/mule/wd-revenue http://www.mulesoft.org/schema/mule/wd-revenue/current/mule-wd-revenue.xsd">

	<sub-flow name="retrieveAccountWdayFlow">
        <wd-revenue:get-customers config-ref="Workday_Revenue_Management" getCustomersRequest-ref="#[org.mule.examples.CustomerRequest.getCustomer(payload)]" doc:name="query for Customer"/>
    </sub-flow>
    <sub-flow name="inactivateAccountWorkdayFlow">
        <wd-revenue:put-customer config-ref="Workday_Revenue_Management" doc:name="Workday Revenue Management"/>
    </sub-flow>
	
</mule>
